app/build/intermediates/manifest_merge_blame_file/debug/manifest-merger-blame-debug-report.txt
1<?xml version="1.0" encoding="utf-8"?>
2<!--
3     Copyright (C) 2014 The Android Open Source Project
4
5     Licensed under the Apache License, Version 2.0 (the "License");
6     you may not use this file except in compliance with the License.
7     You may obtain a copy of the License at
8
9          http://www.apache.org/licenses/LICENSE-2.0
10
11     Unless required by applicable law or agreed to in writing, software
12     distributed under the License is distributed on an "AS IS" BASIS,
13     WITHOUT WARRANTIES OR CONDITIONS OF ANY KIND, either express or implied.
14     See the License for the specific language governing permissions and
15     limitations under the License.
16-->
17<manifest xmlns:android="http://schemas.android.com/apk/res/android"
18    package="com.sgottard.tvdemoapp"
19    android:versionCode="1"
20    android:versionName="1.0" >
21
22    <uses-sdk
22-->src\main\AndroidManifest.xml:23:5-47
23        android:minSdkVersion="21"
23-->src\main\AndroidManifest.xml:23:5-47
24        android:targetSdkVersion="22" />
24-->src\main\AndroidManifest.xml:23:15-44
25
26    <uses-permission android:name="android.permission.INTERNET" />
26-->src\main\AndroidManifest.xml:25:5-67
26-->src\main\AndroidManifest.xml:25:22-64
27    <uses-permission android:name="android.permission.RECEIVE_BOOT_COMPLETED" />
27-->src\main\AndroidManifest.xml:26:5-81
27-->src\main\AndroidManifest.xml:26:22-78
28
29    <uses-feature
29-->src\main\AndroidManifest.xml:28:5-30:36
30        android:name="android.hardware.microphone"
30-->src\main\AndroidManifest.xml:29:9-51
31        android:required="false" />
31-->src\main\AndroidManifest.xml:30:9-33
32    <uses-feature
32-->src\main\AndroidManifest.xml:32:5-34:36
33        android:name="android.hardware.touchscreen"
33-->src\main\AndroidManifest.xml:33:9-52
34        android:required="false" />
34-->src\main\AndroidManifest.xml:34:9-33
35    <uses-feature
35-->src\main\AndroidManifest.xml:36:5-37:35
36        android:name="android.software.leanback"
36-->src\main\AndroidManifest.xml:36:19-59
37        android:required="true" />
37-->src\main\AndroidManifest.xml:37:9-32
38
39    <application
39-->src\main\AndroidManifest.xml:39:5-114:19
40        android:allowBackup="false"
40-->src\main\AndroidManifest.xml:40:9-36
41        android:debuggable="true"
42        android:icon="@drawable/videos_by_google_banner"
42-->src\main\AndroidManifest.xml:41:9-57
43        android:label="@string/app_name"
43-->src\main\AndroidManifest.xml:42:9-41
44        android:logo="@drawable/videos_by_google_banner"
44-->src\main\AndroidManifest.xml:43:9-57
45        android:testOnly="true"
46        android:theme="@style/Theme.Example.Leanback" >
46-->src\main\AndroidManifest.xml:44:9-54
47        <activity
47-->src\main\AndroidManifest.xml:45:9-56:20
48            android:name="com.sgottard.tvdemoapp.ui.MainActivity"
48-->src\main\AndroidManifest.xml:46:13-66
49            android:icon="@drawable/videos_by_google_banner"
49-->src\main\AndroidManifest.xml:47:13-61
50            android:label="@string/app_name"
50-->src\main\AndroidManifest.xml:48:13-45
51            android:logo="@drawable/videos_by_google_banner"
51-->src\main\AndroidManifest.xml:49:13-61
52            android:screenOrientation="landscape" >
52-->src\main\AndroidManifest.xml:50:13-50
53            <intent-filter>
53-->src\main\AndroidManifest.xml:51:13-55:29
54                <action android:name="android.intent.action.MAIN" />
54-->src\main\AndroidManifest.xml:52:17-69
54-->src\main\AndroidManifest.xml:52:25-66
55
56                <category android:name="android.intent.category.LEANBACK_LAUNCHER" />
56-->src\main\AndroidManifest.xml:54:17-86
56-->src\main\AndroidManifest.xml:54:27-83
57            </intent-filter>
58        </activity>
59        <activity
59-->src\main\AndroidManifest.xml:58:9-71:20
60            android:name="com.sgottard.tvdemoapp.ui.MovieDetailsActivity"
60-->src\main\AndroidManifest.xml:59:13-74
61            android:exported="true" >
61-->src\main\AndroidManifest.xml:60:13-36
62
63            <!-- Receives the search request. -->
64            <intent-filter>
64-->src\main\AndroidManifest.xml:63:13-66:28
65                <action android:name="android.intent.action.SEARCH" />
65-->src\main\AndroidManifest.xml:64:17-71
65-->src\main\AndroidManifest.xml:64:25-68
66                <!-- No category needed, because the Intent will specify this class component -->
67            </intent-filter>
68
69            <!-- Points to searchable meta data. -->
70            <meta-data
70-->src\main\AndroidManifest.xml:69:13-70:54
71                android:name="android.app.searchable"
71-->src\main\AndroidManifest.xml:69:24-61
72                android:resource="@xml/searchable" />
72-->src\main\AndroidManifest.xml:70:17-51
73        </activity>
74        <activity
74-->src\main\AndroidManifest.xml:73:9-74:39
75            android:name="com.sgottard.tvdemoapp.ui.PlaybackActivity"
75-->src\main\AndroidManifest.xml:73:19-76
76            android:exported="true" />
76-->src\main\AndroidManifest.xml:74:13-36
77        <activity
77-->src\main\AndroidManifest.xml:76:9-79:83
78            android:name="com.sgottard.tvdemoapp.ui.VerticalGridActivity"
78-->src\main\AndroidManifest.xml:77:13-74
79            android:exported="true"
79-->src\main\AndroidManifest.xml:78:13-36
80            android:parentActivityName="com.sgottard.tvdemoapp.ui.MainActivity" />
80-->src\main\AndroidManifest.xml:79:13-80
81        <activity
81-->src\main\AndroidManifest.xml:80:9-82:39
82            android:name="com.sgottard.tvdemoapp.ui.SearchActivity"
82-->src\main\AndroidManifest.xml:81:13-68
83            android:exported="true" />
83-->src\main\AndroidManifest.xml:82:13-36
84        <activity
84-->src\main\AndroidManifest.xml:84:9-85:39
85            android:name="com.sgottard.tvdemoapp.ui.BrowseErrorActivity"
85-->src\main\AndroidManifest.xml:84:19-79
86            android:exported="true" />
86-->src\main\AndroidManifest.xml:85:13-36
87
88        <!-- Provides search suggestions for keywords against video meta data. -->
89        <provider
89-->src\main\AndroidManifest.xml:88:9-90:39
90            android:name="com.sgottard.tvdemoapp.data.VideoContentProvider"
90-->src\main\AndroidManifest.xml:88:19-82
91            android:authorities="com.sgottard.tvdemoapp.tvleanback"
91-->src\main\AndroidManifest.xml:89:13-68
92            android:exported="true" />
92-->src\main\AndroidManifest.xml:90:13-36
93        <provider
93-->src\main\AndroidManifest.xml:92:9-95:39
94            android:name="com.sgottard.tvdemoapp.recommendation.RecommendationBuilder$RecommendationBackgroundContentProvider"
94-->src\main\AndroidManifest.xml:93:13-127
95            android:authorities="com.sgottard.tvdemoapp.recommendation"
95-->src\main\AndroidManifest.xml:94:13-72
96            android:exported="true" />
96-->src\main\AndroidManifest.xml:95:13-36
97
98        <receiver
98-->src\main\AndroidManifest.xml:97:9-104:20
99            android:name="com.sgottard.tvdemoapp.recommendation.BootupActivity"
99-->src\main\AndroidManifest.xml:98:13-80
100            android:enabled="true"
100-->src\main\AndroidManifest.xml:99:13-35
101            android:exported="false" >
101-->src\main\AndroidManifest.xml:100:13-37
102            <intent-filter>
102-->src\main\AndroidManifest.xml:101:13-103:29
103                <action android:name="android.intent.action.BOOT_COMPLETED" />
103-->src\main\AndroidManifest.xml:102:17-79
103-->src\main\AndroidManifest.xml:102:25-76
104            </intent-filter>
105        </receiver>
106
107        <service
107-->src\main\AndroidManifest.xml:106:9-108:38
108            android:name="com.sgottard.tvdemoapp.recommendation.UpdateRecommendationsService"
108-->src\main\AndroidManifest.xml:107:13-94
109            android:enabled="true" />
109-->src\main\AndroidManifest.xml:108:13-35
110
111        <activity android:name="com.sgottard.tvdemoapp.ui.SettingsActivity" />
111-->src\main\AndroidManifest.xml:110:9-79
111-->src\main\AndroidManifest.xml:110:19-76
112        <activity
112-->src\main\AndroidManifest.xml:112:9-113:78
113            android:name="com.sgottard.tvdemoapp.ui.GuidedStepActivity"
113-->src\main\AndroidManifest.xml:112:19-78
114            android:theme="@style/Theme.Example.Leanback.GuidedStep" />
114-->src\main\AndroidManifest.xml:113:19-75
115        <activity
115-->[com.android.support:recyclerview-v7:22.1.1] AndroidManifest.xml:23:9-25:56
116            android:name="android.support.v7.widget.TestActivity"
116-->[com.android.support:recyclerview-v7:22.1.1] AndroidManifest.xml:24:13-66
117            android:label="RecyclerViewTestActivity" />
117-->[com.android.support:recyclerview-v7:22.1.1] AndroidManifest.xml:25:13-53
118    </application>
119
120</manifest>